<?xml version="1.0" encoding="UTF-8"?>
<!-- Generated by org.testng.reporters.JUnitReportReporter -->
<testsuite hostname="DESKTOP-EQ55Q8H" failures="0" tests="9" name="UsingTestNg.parallerExecutionXml" time="0.320" errors="0" timestamp="2025-05-10T23:19:35 IST" skipped="0">
  <testcase classname="UsingTestNg.parallerExecutionXml" name="testlogo" time="0.073"/>
  <testcase classname="UsingTestNg.parallerExecutionXml" name="testlogo" time="0.080"/>
  <testcase classname="UsingTestNg.parallerExecutionXml" name="testlogo" time="0.065"/>
  <testcase classname="UsingTestNg.parallerExecutionXml" name="testtitle" time="0.013"/>
  <testcase classname="UsingTestNg.parallerExecutionXml" name="testtitle" time="0.028"/>
  <testcase classname="UsingTestNg.parallerExecutionXml" name="testtitle" time="0.008"/>
  <testcase classname="UsingTestNg.parallerExecutionXml" name="testurl" time="0.012"/>
  <testcase classname="UsingTestNg.parallerExecutionXml" name="testurl" time="0.006"/>
  <testcase classname="UsingTestNg.parallerExecutionXml" name="testurl" time="0.035"/>
</testsuite> <!-- UsingTestNg.parallerExecutionXml -->
