<?xml version="1.0" encoding="UTF-8"?>
<!-- Generated by org.testng.reporters.JUnitReportReporter -->
<testsuite hostname="DESKTOP-EQ55Q8H" failures="0" tests="2" name="UsingTestNg.AnnotationDemo2" time="0.016" errors="0" timestamp="2025-05-07T19:31:33 IST" skipped="0">
  <testcase classname="UsingTestNg.AnnotationDemo2" name="search" time="0.013"/>
  <testcase classname="UsingTestNg.AnnotationDemo2" name="advancesearch" time="0.003"/>
</testsuite> <!-- UsingTestNg.AnnotationDemo2 -->
