<?xml version="1.0" encoding="UTF-8"?>
<!-- Generated by org.testng.reporters.JUnitReportReporter -->
<testsuite hostname="DESKTOP-EQ55Q8H" failures="0" tests="3" name="groupingConcept.lgoinTestCase" time="0.025" errors="0" timestamp="2025-05-08T18:32:37 IST" skipped="0">
  <testcase classname="groupingConcept.lgoinTestCase" name="facebooklogin" time="0.017"/>
  <testcase classname="groupingConcept.lgoinTestCase" name="twitteerlogin" time="0.003"/>
  <testcase classname="groupingConcept.lgoinTestCase" name="nukari" time="0.005"/>
</testsuite> <!-- groupingConcept.lgoinTestCase -->
