<?xml version="1.0" encoding="UTF-8"?>
<!-- Generated by org.testng.reporters.JUnitReportReporter -->
<testsuite hostname="DESKTOP-EQ55Q8H" failures="0" tests="1" name="PageObjectModel.loginTestCase" time="1.959" errors="0" timestamp="2025-05-12T18:58:16 IST" skipped="0">
  <testcase classname="PageObjectModel.loginTestCase" name="testLogin" time="1.959"/>
</testsuite> <!-- PageObjectModel.loginTestCase -->
