<?xml version="1.0" encoding="UTF-8"?>
<!-- Generated by org.testng.reporters.JUnitReportReporter -->
<testsuite hostname="DESKTOP-EQ55Q8H" failures="0" tests="2" name="UsingTestNg.AnnotationDemo01" time="0.036" errors="0" timestamp="2025-05-07T19:19:53 IST" skipped="0">
  <testcase classname="UsingTestNg.AnnotationDemo01" name="search" time="0.029"/>
  <testcase classname="UsingTestNg.AnnotationDemo01" name="advancesearch" time="0.007"/>
</testsuite> <!-- UsingTestNg.AnnotationDemo01 -->
