<?xml version="1.0" encoding="UTF-8"?>
<!-- Generated by org.testng.reporters.JUnitReportReporter -->
<testsuite hostname="DESKTOP-EQ55Q8H" failures="0" tests="3" name="groupingConcept.signUpTestCase" time="0.022" errors="0" timestamp="2025-05-08T18:34:30 IST" skipped="0">
  <testcase classname="groupingConcept.signUpTestCase" name="signupFB" time="0.015"/>
  <testcase classname="groupingConcept.signUpTestCase" name="signupTwitter" time="0.003"/>
  <testcase classname="groupingConcept.signUpTestCase" name="signupnukari" time="0.004"/>
</testsuite> <!-- groupingConcept.signUpTestCase -->
