<?xml version="1.0" encoding="UTF-8"?>
<!-- Generated by org.testng.reporters.JUnitReportReporter -->
<testsuite hostname="DESKTOP-EQ55Q8H" failures="0" tests="2" name="groupingConcept.payment" time="0.016" errors="0" timestamp="2025-05-08T18:35:25 IST" skipped="0">
  <testcase classname="groupingConcept.payment" name="offline" time="0.014"/>
  <testcase classname="groupingConcept.payment" name="online" time="0.002"/>
</testsuite> <!-- groupingConcept.payment -->
