<?xml version="1.0" encoding="UTF-8"?>
<!-- Generated by org.testng.reporters.JUnitReportReporter -->
<testsuite hostname="DESKTOP-EQ55Q8H" failures="0" tests="4" name="UsingTestNg.OrangeHrmLogin" time="13.787" errors="0" timestamp="2025-05-20T17:52:42 IST" skipped="0">
  <testcase classname="UsingTestNg.OrangeHrmLogin" name="open" time="6.928"/>
  <testcase classname="UsingTestNg.OrangeHrmLogin" name="displaylogo" time="5.109"/>
  <testcase classname="UsingTestNg.OrangeHrmLogin" name="login" time="1.543"/>
  <testcase classname="UsingTestNg.OrangeHrmLogin" name="close" time="0.207"/>
</testsuite> <!-- UsingTestNg.OrangeHrmLogin -->
