<?xml version="1.0" encoding="UTF-8"?>
<!-- Generated by org.testng.reporters.JUnitReportReporter -->
<testsuite hostname="DESKTOP-EQ55Q8H" failures="0" tests="3" name="UsingTestNg.FirstTestCase" time="0.003" errors="0" timestamp="2025-05-14T11:00:36 IST" skipped="0">
  <testcase classname="UsingTestNg.FirstTestCase" name="Open" time="0.000"/>
  <testcase classname="UsingTestNg.FirstTestCase" name="Login" time="0.002"/>
  <testcase classname="UsingTestNg.FirstTestCase" name="logout" time="0.001"/>
</testsuite> <!-- UsingTestNg.FirstTestCase -->
