<?xml version="1.0" encoding="UTF-8"?>
<!-- Generated by org.testng.reporters.JUnitReportReporter -->
<testsuite hostname="DESKTOP-EQ55Q8H" failures="0" tests="1" name="PageObjectModel.loginTestCase" time="1.974" errors="0" timestamp="2025-05-14T11:00:36 IST" skipped="0">
  <testcase classname="PageObjectModel.loginTestCase" name="testLogin" time="1.974"/>
</testsuite> <!-- PageObjectModel.loginTestCase -->
