<?xml version="1.0" encoding="UTF-8"?>
<!-- Generated by org.testng.reporters.JUnitReportReporter -->
<testsuite hostname="DESKTOP-EQ55Q8H" failures="0" tests="3" name="groupingConcept.lgoinTestCase" time="0.017" errors="0" timestamp="2025-05-14T11:00:36 IST" skipped="0">
  <testcase classname="groupingConcept.lgoinTestCase" name="facebooklogin" time="0.012"/>
  <testcase classname="groupingConcept.lgoinTestCase" name="twitteerlogin" time="0.001"/>
  <testcase classname="groupingConcept.lgoinTestCase" name="nukari" time="0.004"/>
</testsuite> <!-- groupingConcept.lgoinTestCase -->
